{"/Users/marcelodapper/Sites/Estudo/FrontendMasters/complete-intro-to-react/js/Search.js": {"path":"/Users/marcelodapper/Sites/Estudo/FrontendMasters/complete-intro-to-react/js/Search.js","statementMap":{"0":{"start":{"line":7,"column":4},"end":{"line":7,"column":16}},"1":{"start":{"line":8,"column":4},"end":{"line":10,"column":5}},"2":{"start":{"line":12,"column":4},"end":{"line":12,"column":72}},"3":{"start":{"line":16,"column":4},"end":{"line":16,"column":51}},"4":{"start":{"line":20,"column":4},"end":{"line":43,"column":5}},"5":{"start":{"line":34,"column":14},"end":{"line":36,"column":66}},"6":{"start":{"line":39,"column":14},"end":{"line":39,"column":61}}},"fnMap":{"0":{"name":"(anonymous_0)","decl":{"start":{"line":6,"column":2},"end":{"line":6,"column":3}},"loc":{"start":{"line":6,"column":22},"end":{"line":13,"column":3}}},"1":{"name":"(anonymous_1)","decl":{"start":{"line":15,"column":2},"end":{"line":15,"column":3}},"loc":{"start":{"line":15,"column":33},"end":{"line":17,"column":3}}},"2":{"name":"(anonymous_2)","decl":{"start":{"line":19,"column":2},"end":{"line":19,"column":3}},"loc":{"start":{"line":19,"column":12},"end":{"line":44,"column":3}}},"3":{"name":"(anonymous_3)","decl":{"start":{"line":33,"column":20},"end":{"line":33,"column":21}},"loc":{"start":{"line":33,"column":28},"end":{"line":37,"column":13}}},"4":{"name":"(anonymous_4)","decl":{"start":{"line":38,"column":17},"end":{"line":38,"column":18}},"loc":{"start":{"line":38,"column":25},"end":{"line":40,"column":13}}}},"branchMap":{},"s":{"0":3,"1":3,"2":3,"3":1,"4":4,"5":84,"6":65},"f":{"0":3,"1":1,"2":4,"3":84,"4":65},"b":{},"_coverageSchema":"332fd63041d2c1bcb487cc26dd0d5f7d97098a6c","hash":"59fd6cdd336b989cce5d81f8bcca4d75ffcdc805"}
,"/Users/marcelodapper/Sites/Estudo/FrontendMasters/complete-intro-to-react/js/ShowCard.js": {"path":"/Users/marcelodapper/Sites/Estudo/FrontendMasters/complete-intro-to-react/js/ShowCard.js","statementMap":{"0":{"start":{"line":2,"column":19},"end":{"line":2,"column":34}},"1":{"start":{"line":4,"column":17},"end":{"line":17,"column":1}},"2":{"start":{"line":5,"column":47},"end":{"line":5,"column":52}},"3":{"start":{"line":7,"column":2},"end":{"line":16,"column":3}},"4":{"start":{"line":19,"column":0},"end":{"line":24,"column":1}}},"fnMap":{"0":{"name":"(anonymous_0)","decl":{"start":{"line":4,"column":17},"end":{"line":4,"column":18}},"loc":{"start":{"line":4,"column":26},"end":{"line":17,"column":1}}}},"branchMap":{},"s":{"0":1,"1":1,"2":0,"3":0,"4":1},"f":{"0":0},"b":{},"_coverageSchema":"332fd63041d2c1bcb487cc26dd0d5f7d97098a6c","hash":"e2f296dbce1054d17eb9b7d3aaab58e8d8ad6751"}
}
