TN:
SF:/Users/marcelodapper/Sites/Estudo/FrontendMasters/complete-intro-to-react/js/Search.js
FN:6,(anonymous_0)
FN:15,(anonymous_1)
FN:19,(anonymous_2)
FN:33,(anonymous_3)
FN:38,(anonymous_4)
FNF:5
FNH:5
FNDA:3,(anonymous_0)
FNDA:1,(anonymous_1)
FNDA:4,(anonymous_2)
FNDA:84,(anonymous_3)
FNDA:65,(anonymous_4)
DA:7,3
DA:8,3
DA:12,3
DA:16,1
DA:20,4
DA:34,84
DA:39,65
LF:7
LH:7
BRF:0
BRH:0
end_of_record
TN:
SF:/Users/marcelodapper/Sites/Estudo/FrontendMasters/complete-intro-to-react/js/ShowCard.js
FN:4,(anonymous_0)
FNF:1
FNH:0
FNDA:0,(anonymous_0)
DA:2,1
DA:4,1
DA:5,0
DA:7,0
DA:19,1
LF:5
LH:3
BRF:0
BRH:0
end_of_record
